<?xml version="1.0" encoding="UTF-8"?>
<testsuite name="BudgetManagerTest" tests="1" skipped="0" failures="0" errors="0" timestamp="2025-01-10T15:23:51" hostname="DESKTOP-3O8HO5H" time="0.148">
  <properties/>
  <testcase name="start" classname="BudgetManagerTest" time="0.148"/>
  <system-out><![CDATA[?[1;31m
Start test 1?[0m
Choose your action:
1) Add income
2) Add purchase
3) Show list of purchases
4) Balance
0) Exit

> 0
Bye!
?[1;31m
Start test 2?[0m
Choose your action:
1) Add income
2) Add purchase
3) Show list of purchases
4) Balance
0) Exit

> 0
Bye!
?[1;31m
Start test 3?[0m
Choose your action:
1) Add income
2) Add purchase
3) Show list of purchases
4) Balance
0) Exit

> 4
Balance: $0.00

Choose your action:
1) Add income
2) Add purchase
3) Show list of purchases
4) Balance
0) Exit

> 0
Bye!
?[1;31m
Start test 4?[0m
Choose your action:
1) Add income
2) Add purchase
3) Show list of purchases
4) Balance
0) Exit

> 1
Enter income:
> 400
Income was added!

Choose your action:
1) Add income
2) Add purchase
3) Show list of purchases
4) Balance
0) Exit

> 4
Balance: $400.00

Choose your action:
1) Add income
2) Add purchase
3) Show list of purchases
4) Balance
0) Exit

> 1
Enter income:
> 200
Income was added!

Choose your action:
1) Add income
2) Add purchase
3) Show list of purchases
4) Balance
0) Exit

> 4
Balance: $600.00

Choose your action:
1) Add income
2) Add purchase
3) Show list of purchases
4) Balance
0) Exit

> 0
Bye!
?[1;31m
Start test 5?[0m
Choose your action:
1) Add income
2) Add purchase
3) Show list of purchases
4) Balance
0) Exit

> 1
Enter income:
> 600
Income was added!

Choose your action:
1) Add income
2) Add purchase
3) Show list of purchases
4) Balance
0) Exit

> 2
1) Food
2) Clothes
3) Entertainment
4) Other
5) Back

> 1
Enter purchase name:
> Milk
Enter its price:
> 3.5
Purchase was added!

1) Food
2) Clothes
3) Entertainment
4) Other
5) Back

> 2
Enter purchase name:
> Men's Dual Defense Crew Socks 12 Pairs
Enter its price:
> 13
Purchase was added!

1) Food
2) Clothes
3) Entertainment
4) Other
5) Back

> 3
Enter purchase name:
> Cinema
Enter its price:
> 8.73
Purchase was added!

1) Food
2) Clothes
3) Entertainment
4) Other
5) Back

> 5
Choose your action:
1) Add income
2) Add purchase
3) Show list of purchases
4) Balance
0) Exit

> 3
1) Food
2) Clothes
3) Entertainment
4) Other
5) All
6) Back

> 1
Milk $3.50
Total sum: $3.50

1) Food
2) Clothes
3) Entertainment
4) Other
5) All
6) Back

> 2
Men's Dual Defense Crew Socks 12 Pairs $13.00
Total sum: $13.00

1) Food
2) Clothes
3) Entertainment
4) Other
5) All
6) Back

> 3
Cinema $8.73
Total sum: $8.73

1) Food
2) Clothes
3) Entertainment
4) Other
5) All
6) Back

> 5
Milk $3.50
Men's Dual Defense Crew Socks 12 Pairs $13.00
Cinema $8.73
Total sum: $25.23

1) Food
2) Clothes
3) Entertainment
4) Other
5) All
6) Back

> 6
Choose your action:
1) Add income
2) Add purchase
3) Show list of purchases
4) Balance
0) Exit

> 0
Bye!
]]></system-out>
  <system-err><![CDATA[]]></system-err>
</testsuite>
